<?xml version="1.0" encoding="UTF-8"?>
<!-- Generated by org.testng.reporters.JUnitReportReporter -->
<testsuite hostname="DESKTOP-81ARGGN" failures="0" tests="1" name="com.sg.test.PatientTest" time="9.756" errors="0" timestamp="2021-08-13T17:06:54 IST" skipped="0">
  <testcase classname="com.sg.test.PatientTest" name="addPatientTest" time="9.756"/>
  <system-out/>
</testsuite> <!-- com.sg.test.PatientTest -->
