<?xml version="1.0" encoding="UTF-8"?>
<!-- Generated by org.testng.reporters.JUnitReportReporter -->
<testsuite hostname="DESKTOP-81ARGGN" failures="0" tests="3" name="com.sg.test.LoginTest" time="24.700" errors="0" timestamp="2021-08-16T13:13:57 IST" skipped="0">
  <testcase classname="com.sg.test.LoginTest" name="invalidCredentialTest" time="7.152"/>
  <system-out/>
  <testcase classname="com.sg.test.LoginTest" name="invalidCredentialTest" time="9.862"/>
  <system-out/>
  <testcase classname="com.sg.test.LoginTest" name="invalidCredentialTest" time="7.686"/>
  <system-out/>
</testsuite> <!-- com.sg.test.LoginTest -->
