<?xml version="1.0" encoding="UTF-8"?>
<!-- Generated by org.testng.reporters.JUnitReportReporter -->
<testsuite hostname="DESKTOP-81ARGGN" failures="0" tests="1" name="com.sg.test.LoginTest" time="30.976" errors="0" timestamp="2021-08-13T17:26:53 IST" skipped="0">
  <testcase classname="com.sg.test.LoginTest" name="invalidCredentialTest" time="30.976"/>
  <system-out/>
</testsuite> <!-- com.sg.test.LoginTest -->
