<?xml version="1.0" encoding="UTF-8"?>
<!-- Generated by org.testng.reporters.JUnitReportReporter -->
<testsuite hostname="DESKTOP-81ARGGN" failures="0" tests="4" name="com.sg.test.DemoTest" time="0.011" errors="0" timestamp="2021-08-14T12:57:51 IST" skipped="0">
  <testcase classname="com.sg.test.DemoTest" name="validTest" time="0.006"/>
  <system-out/>
  <testcase classname="com.sg.test.DemoTest" name="validTest" time="0.002"/>
  <system-out/>
  <testcase classname="com.sg.test.DemoTest" name="validTest" time="0.001"/>
  <system-out/>
  <testcase classname="com.sg.test.DemoTest" name="validTest" time="0.002"/>
  <system-out/>
</testsuite> <!-- com.sg.test.DemoTest -->
