<?xml version="1.0" encoding="UTF-8"?>
<!-- Generated by org.testng.reporters.JUnitReportReporter -->
<testsuite hostname="DESKTOP-81ARGGN" failures="0" tests="1" name="com.sg.test.PatientTest" time="20.762" errors="0" timestamp="2021-08-16T10:45:40 IST" skipped="0">
  <testcase classname="com.sg.test.PatientTest" name="addPatientTest" time="20.762"/>
  <system-out/>
</testsuite> <!-- com.sg.test.PatientTest -->
