<?xml version="1.0" encoding="UTF-8"?>
<!-- Generated by org.testng.reporters.JUnitReportReporter -->
<testsuite hostname="DESKTOP-81ARGGN" failures="0" tests="2" name="com.sg.test.AboutTest" time="42.212" errors="0" timestamp="2021-08-16T10:35:33 IST" skipped="0">
  <testcase classname="com.sg.test.AboutTest" name="checkAboutHeaderAndVersionTest" time="23.990"/>
  <system-out/>
  <testcase classname="com.sg.test.AboutTest" name="checkAboutHeaderAndVersionTest" time="18.222"/>
  <system-out/>
</testsuite> <!-- com.sg.test.AboutTest -->
