<?xml version="1.0" encoding="UTF-8"?>
<!-- Generated by org.testng.reporters.JUnitReportReporter -->
<testsuite hostname="DESKTOP-81ARGGN" failures="0" tests="1" name="com.sg.test.LoginTest" time="0.000" errors="0" timestamp="2021-08-14T14:24:38 IST" skipped="1">
  <testcase classname="com.sg.test.LoginTest" name="validCredentialTest" time="0.000">
    <skipped/>
  </testcase> <!-- validCredentialTest -->
  <system-out/>
</testsuite> <!-- com.sg.test.LoginTest -->
