<?xml version="1.0" encoding="UTF-8"?>
<!-- Generated by org.testng.reporters.JUnitReportReporter -->
<testsuite hostname="DESKTOP-81ARGGN" failures="0" tests="3" name="com.sg.test.LoginTest" time="27.830" errors="0" timestamp="2021-08-17T09:47:26 IST" skipped="0">
  <testcase classname="com.sg.test.LoginTest" name="invalidCredentialTest" time="6.764"/>
  <system-out/>
  <testcase classname="com.sg.test.LoginTest" name="invalidCredentialTest" time="11.737"/>
  <system-out/>
  <testcase classname="com.sg.test.LoginTest" name="invalidCredentialTest" time="9.329"/>
  <system-out/>
</testsuite> <!-- com.sg.test.LoginTest -->
